#
# There is insufficient memory for the Java Runtime Environment to continue.
# Native memory allocation (malloc) failed to allocate 1042416 bytes. Error detail: Chunk::new
# Possible reasons:
#   The system is out of physical RAM or swap space
#   This process is running with CompressedOops enabled, and the Java Heap may be blocking the growth of the native heap
# Possible solutions:
#   Reduce memory load on the system
#   Increase physical memory or swap space
#   Check if swap backing store is full
#   Decrease Java heap size (-Xmx/-Xms)
#   Decrease number of Java threads
#   Decrease Java thread stack sizes (-Xss)
#   Set larger code cache with -XX:ReservedCodeCacheSize=
#   JVM is running with Unscaled Compressed Oops mode in which the Java heap is
#     placed in the first 4GB address space. The Java Heap base address is the
#     maximum limit for the native heap growth. Please use -XX:HeapBaseMinAddress
#     to set the Java Heap base and to place the Java Heap above 4GB virtual address.
# This output file may be truncated or incomplete.
#
#  Out of Memory Error (arena.cpp:191), pid=13736, tid=17340
#
# JRE version: OpenJDK Runtime Environment Temurin-17.0.13+11 (17.0.13+11) (build 17.0.13+11)
# Java VM: OpenJDK 64-Bit Server VM Temurin-17.0.13+11 (17.0.13+11, mixed mode, tiered, compressed oops, compressed class ptrs, parallel gc, windows-amd64)
# No core dump will be written. Minidumps are not enabled by default on client versions of Windows
#

---------------  S U M M A R Y ------------

Command Line: --add-modules=ALL-SYSTEM --add-opens=java.base/java.util=ALL-UNNAMED --add-opens=java.base/java.lang=ALL-UNNAMED --add-opens=java.base/sun.nio.fs=ALL-UNNAMED -Declipse.application=org.eclipse.jdt.ls.core.id1 -Dosgi.bundles.defaultStartLevel=4 -Declipse.product=org.eclipse.jdt.ls.core.product -Djava.import.generatesMetadataFilesAtProjectRoot=false -DDetectVMInstallationsJob.disabled=true -Dfile.encoding=utf8 -XX:+UseParallelGC -XX:GCTimeRatio=4 -XX:AdaptiveSizePolicyWeight=90 -Dsun.zip.disableMemoryMapping=true -Xmx1G -Xms100m -Xlog:disable -javaagent:c:\Users\Ngoc Mai\.vscode\extensions\redhat.java-1.36.0-win32-x64\lombok\lombok-1.18.35.jar -XX:+HeapDumpOnOutOfMemoryError -XX:HeapDumpPath=c:\Users\Ngoc Mai\AppData\Roaming\Code\User\workspaceStorage\635556922df90939e5452004da648406\redhat.java -Daether.dependencyCollector.impl=bf c:\Users\Ngoc Mai\.vscode\extensions\redhat.java-1.36.0-win32-x64\server\plugins\org.eclipse.equinox.launcher_1.6.900.v20240613-2009.jar -configuration c:\Users\Ngoc Mai\AppData\Roaming\Code\User\globalStorage\redhat.java\1.36.0\config_win -data c:\Users\Ngoc Mai\AppData\Roaming\Code\User\workspaceStorage\635556922df90939e5452004da648406\redhat.java\jdt_ws --pipe=\\.\pipe\lsp-aa48fdcdcc83d8b97c831b2126f84bd7-sock

Host: 11th Gen Intel(R) Core(TM) i5-1135G7 @ 2.40GHz, 8 cores, 7G,  Windows 11 , 64 bit Build 26100 (10.0.26100.2161)
Time: Tue Nov 26 03:32:16 2024 SE Asia Standard Time elapsed time: 5017.800156 seconds (0d 1h 23m 37s)

---------------  T H R E A D  ---------------

Current thread (0x0000016531f55550):  JavaThread "C2 CompilerThread0" daemon [_thread_in_native, id=17340, stack(0x0000003b6e300000,0x0000003b6e400000)]


Current CompileTask:
C2:5017800 26042       4       org.eclipse.jdt.internal.compiler.lookup.Scope::findDefaultAbstractMethod (416 bytes)

Stack: [0x0000003b6e300000,0x0000003b6e400000]
Native frames: (J=compiled Java code, j=interpreted, Vv=VM code, C=native code)
V  [jvm.dll+0x682a19]
V  [jvm.dll+0x839538]
V  [jvm.dll+0x83afe3]
V  [jvm.dll+0x83b653]
V  [jvm.dll+0x24704f]
V  [jvm.dll+0xace34]
V  [jvm.dll+0xad4cc]
V  [jvm.dll+0x36592f]
V  [jvm.dll+0x1ba989]
V  [jvm.dll+0x2181a7]
V  [jvm.dll+0x21748f]
V  [jvm.dll+0x1a3070]
V  [jvm.dll+0x22788c]
V  [jvm.dll+0x2259eb]
V  [jvm.dll+0x7eec98]
V  [jvm.dll+0x7e8ffc]
V  [jvm.dll+0x6818f7]
C  [ucrtbase.dll+0x14ea0]
C  [KERNEL32.DLL+0x2dbe7]
C  [ntdll.dll+0xdfbec]


---------------  P R O C E S S  ---------------

Threads class SMR info:
_java_thread_list=0x00000165337aece0, length=55, elements={
0x000001651708cf00, 0x000001651713e3f0, 0x000001652ce7e880, 0x0000016531f715f0,
0x0000016531f514a0, 0x0000016531f51f70, 0x0000016531f54950, 0x0000016531f55550,
0x0000016531f5f040, 0x0000016531feeba0, 0x0000016532060380, 0x00000165322ab210,
0x00000165338a2fd0, 0x00000165336bdc60, 0x0000016533b62c20, 0x0000016533b10500,
0x000001653386b030, 0x0000016533713920, 0x0000016533714340, 0x0000016533715270,
0x0000016533715c90, 0x000001653466a9c0, 0x0000016534669a90, 0x000001653466c310,
0x000001653466c820, 0x0000016534669070, 0x0000016534669fa0, 0x000001653466a4b0,
0x000001653466cd30, 0x000001653466b8f0, 0x000001653466d240, 0x000001653466e680,
0x000001653466aed0, 0x0000016536a29dc0, 0x0000016536833de0, 0x00000165368338d0,
0x0000016536837590, 0x00000165333a0e50, 0x0000016536a28e90, 0x0000016533713e30,
0x00000165337129f0, 0x0000016533712f00, 0x0000016533713410, 0x0000016536a298b0,
0x0000016536a28980, 0x0000016536a293a0, 0x00000165368389d0, 0x0000016536835220,
0x0000016536835c40, 0x0000016536837080, 0x00000165368342f0, 0x0000016536837fb0,
0x0000016536834d10, 0x00000165333a36d0, 0x0000016537f36080
}

Java Threads: ( => current thread )
  0x000001651708cf00 JavaThread "main" [_thread_blocked, id=31592, stack(0x0000003b6da00000,0x0000003b6db00000)]
  0x000001651713e3f0 JavaThread "Reference Handler" daemon [_thread_blocked, id=28108, stack(0x0000003b6dd00000,0x0000003b6de00000)]
  0x000001652ce7e880 JavaThread "Finalizer" daemon [_thread_blocked, id=31076, stack(0x0000003b6de00000,0x0000003b6df00000)]
  0x0000016531f715f0 JavaThread "Signal Dispatcher" daemon [_thread_blocked, id=1420, stack(0x0000003b6df00000,0x0000003b6e000000)]
  0x0000016531f514a0 JavaThread "Attach Listener" daemon [_thread_blocked, id=34036, stack(0x0000003b6e000000,0x0000003b6e100000)]
  0x0000016531f51f70 JavaThread "Service Thread" daemon [_thread_blocked, id=19912, stack(0x0000003b6e100000,0x0000003b6e200000)]
  0x0000016531f54950 JavaThread "Monitor Deflation Thread" daemon [_thread_blocked, id=31724, stack(0x0000003b6e200000,0x0000003b6e300000)]
=>0x0000016531f55550 JavaThread "C2 CompilerThread0" daemon [_thread_in_native, id=17340, stack(0x0000003b6e300000,0x0000003b6e400000)]
  0x0000016531f5f040 JavaThread "C1 CompilerThread0" daemon [_thread_blocked, id=10812, stack(0x0000003b6e400000,0x0000003b6e500000)]
  0x0000016531feeba0 JavaThread "Sweeper thread" daemon [_thread_blocked, id=13252, stack(0x0000003b6e500000,0x0000003b6e600000)]
  0x0000016532060380 JavaThread "Common-Cleaner" daemon [_thread_blocked, id=27624, stack(0x0000003b6e600000,0x0000003b6e700000)]
  0x00000165322ab210 JavaThread "Notification Thread" daemon [_thread_blocked, id=22084, stack(0x0000003b6e800000,0x0000003b6e900000)]
  0x00000165338a2fd0 JavaThread "Active Thread: Equinox Container: 8897d45d-8d1f-4811-b0fb-6da1a1f394e5" [_thread_blocked, id=24776, stack(0x0000003b6e700000,0x0000003b6e800000)]
  0x00000165336bdc60 JavaThread "Refresh Thread: Equinox Container: 8897d45d-8d1f-4811-b0fb-6da1a1f394e5" daemon [_thread_blocked, id=16912, stack(0x0000003b6ef00000,0x0000003b6f000000)]
  0x0000016533b62c20 JavaThread "Framework Event Dispatcher: Equinox Container: 8897d45d-8d1f-4811-b0fb-6da1a1f394e5" daemon [_thread_blocked, id=32572, stack(0x0000003b6f000000,0x0000003b6f100000)]
  0x0000016533b10500 JavaThread "Start Level: Equinox Container: 8897d45d-8d1f-4811-b0fb-6da1a1f394e5" daemon [_thread_blocked, id=33092, stack(0x0000003b6f100000,0x0000003b6f200000)]
  0x000001653386b030 JavaThread "Bundle File Closer" daemon [_thread_blocked, id=34392, stack(0x0000003b6f500000,0x0000003b6f600000)]
  0x0000016533713920 JavaThread "SCR Component Actor" daemon [_thread_blocked, id=1644, stack(0x0000003b6f600000,0x0000003b6f700000)]
  0x0000016533714340 JavaThread "Worker-JM" [_thread_blocked, id=30136, stack(0x0000003b6f800000,0x0000003b6f900000)]
  0x0000016533715270 JavaThread "JNA Cleaner" daemon [_thread_blocked, id=25644, stack(0x0000003b6f900000,0x0000003b6fa00000)]
  0x0000016533715c90 JavaThread "Java indexing" daemon [_thread_blocked, id=15144, stack(0x0000003b6fc00000,0x0000003b6fd00000)]
  0x000001653466a9c0 JavaThread "Thread-2" daemon [_thread_in_native, id=25240, stack(0x0000003b70100000,0x0000003b70200000)]
  0x0000016534669a90 JavaThread "Thread-3" daemon [_thread_in_native, id=11256, stack(0x0000003b70200000,0x0000003b70300000)]
  0x000001653466c310 JavaThread "Thread-4" daemon [_thread_in_native, id=18276, stack(0x0000003b70300000,0x0000003b70400000)]
  0x000001653466c820 JavaThread "Thread-5" daemon [_thread_in_native, id=7432, stack(0x0000003b70400000,0x0000003b70500000)]
  0x0000016534669070 JavaThread "Thread-6" daemon [_thread_in_native, id=2520, stack(0x0000003b70500000,0x0000003b70600000)]
  0x0000016534669fa0 JavaThread "Thread-7" daemon [_thread_in_native, id=15720, stack(0x0000003b70600000,0x0000003b70700000)]
  0x000001653466a4b0 JavaThread "Thread-8" daemon [_thread_in_native, id=28228, stack(0x0000003b70700000,0x0000003b70800000)]
  0x000001653466cd30 JavaThread "Thread-9" daemon [_thread_in_native, id=3776, stack(0x0000003b70800000,0x0000003b70900000)]
  0x000001653466b8f0 JavaThread "Thread-10" daemon [_thread_in_native, id=28544, stack(0x0000003b70900000,0x0000003b70a00000)]
  0x000001653466d240 JavaThread "pool-2-thread-1" [_thread_blocked, id=32500, stack(0x0000003b70b00000,0x0000003b70c00000)]
  0x000001653466e680 JavaThread "WorkspaceEventsHandler" [_thread_blocked, id=20084, stack(0x0000003b70d00000,0x0000003b70e00000)]
  0x000001653466aed0 JavaThread "pool-1-thread-1" [_thread_blocked, id=30624, stack(0x0000003b70e00000,0x0000003b70f00000)]
  0x0000016536a29dc0 JavaThread "Cleaner-0" daemon [_thread_blocked, id=28316, stack(0x0000003b72300000,0x0000003b72400000)]
  0x0000016536833de0 JavaThread "Java Debug Server" daemon [_thread_in_native, id=28864, stack(0x0000003b6d700000,0x0000003b6d800000)]
  0x00000165368338d0 JavaThread "RxSchedulerPurge-1" daemon [_thread_blocked, id=17792, stack(0x0000003b6d900000,0x0000003b6da00000)]
  0x0000016536837590 JavaThread "RxCachedWorkerPoolEvictor-1" daemon [_thread_blocked, id=24416, stack(0x0000003b6f400000,0x0000003b6f500000)]
  0x00000165333a0e50 JavaThread "Worker-8" [_thread_blocked, id=31912, stack(0x0000003b6f700000,0x0000003b6f800000)]
  0x0000016536a28e90 JavaThread "ForkJoinPool.commonPool-worker-27" daemon [_thread_blocked, id=16116, stack(0x0000003b6fa00000,0x0000003b6fb00000)]
  0x0000016533713e30 JavaThread "ForkJoinPool.commonPool-worker-33" daemon [_thread_blocked, id=24900, stack(0x0000003b6d800000,0x0000003b6d900000)]
  0x00000165337129f0 JavaThread "ForkJoinPool.commonPool-worker-34" daemon [_thread_blocked, id=28976, stack(0x0000003b6fd00000,0x0000003b6fe00000)]
  0x0000016533712f00 JavaThread "ForkJoinPool.commonPool-worker-35" daemon [_thread_blocked, id=24612, stack(0x0000003b6fe00000,0x0000003b6ff00000)]
  0x0000016533713410 JavaThread "ForkJoinPool.commonPool-worker-36" daemon [_thread_blocked, id=18352, stack(0x0000003b70a00000,0x0000003b70b00000)]
  0x0000016536a298b0 JavaThread "ForkJoinPool.commonPool-worker-37" daemon [_thread_blocked, id=6356, stack(0x0000003b71200000,0x0000003b71300000)]
  0x0000016536a28980 JavaThread "ForkJoinPool.commonPool-worker-38" daemon [_thread_blocked, id=32116, stack(0x0000003b71900000,0x0000003b71a00000)]
  0x0000016536a293a0 JavaThread "pool-3-thread-13" [_thread_in_native, id=27328, stack(0x0000003b6fb00000,0x0000003b6fc00000)]
  0x00000165368389d0 JavaThread "Compiler Source File Reader" daemon [_thread_blocked, id=9420, stack(0x0000003b71100000,0x0000003b71200000)]
  0x0000016536835220 JavaThread "Worker-15" [_thread_blocked, id=24028, stack(0x0000003b71400000,0x0000003b71500000)]
  0x0000016536835c40 JavaThread "Compiler Source File Reader" daemon [_thread_blocked, id=29452, stack(0x0000003b71500000,0x0000003b71600000)]
  0x0000016536837080 JavaThread "RxNewThreadScheduler-53" daemon [_thread_blocked, id=16444, stack(0x0000003b70000000,0x0000003b70100000)]
  0x00000165368342f0 JavaThread "Packet Receive Manager" daemon [_thread_in_native, id=34576, stack(0x0000003b70c00000,0x0000003b70d00000)]
  0x0000016536837fb0 JavaThread "Packet Send Manager" daemon [_thread_blocked, id=33892, stack(0x0000003b71000000,0x0000003b71100000)]
  0x0000016536834d10 JavaThread "Event Hub" daemon [_thread_blocked, id=34572, stack(0x0000003b70f00000,0x0000003b71000000)]
  0x00000165333a36d0 JavaThread "Worker-17: Building" [_thread_blocked, id=20488, stack(0x0000003b71700000,0x0000003b71800000)]
  0x0000016537f36080 JavaThread "C2 CompilerThread1" daemon [_thread_in_native, id=27816, stack(0x0000003b6ff00000,0x0000003b70000000)]

Other Threads:
  0x0000016531f214b0 VMThread "VM Thread" [stack: 0x0000003b6dc00000,0x0000003b6dd00000] [id=6396]
  0x00000165322ab6f0 WatcherThread [stack: 0x0000003b6e900000,0x0000003b6ea00000] [id=32280]
  0x00000165170a2280 GCTaskThread "GC Thread#0" [stack: 0x0000003b6db00000,0x0000003b6dc00000] [id=32136]
  0x0000016533b8e010 GCTaskThread "GC Thread#1" [stack: 0x0000003b6ea00000,0x0000003b6eb00000] [id=5412]
  0x0000016533892bc0 GCTaskThread "GC Thread#2" [stack: 0x0000003b6eb00000,0x0000003b6ec00000] [id=32088]
  0x0000016533b8e6d0 GCTaskThread "GC Thread#3" [stack: 0x0000003b6ec00000,0x0000003b6ed00000] [id=1592]
  0x0000016533b8e990 GCTaskThread "GC Thread#4" [stack: 0x0000003b6ed00000,0x0000003b6ee00000] [id=24708]
  0x0000016533b8ec50 GCTaskThread "GC Thread#5" [stack: 0x0000003b6ee00000,0x0000003b6ef00000] [id=15412]
  0x00000165334747b0 GCTaskThread "GC Thread#6" [stack: 0x0000003b6f200000,0x0000003b6f300000] [id=34516]
  0x0000016533b111b0 GCTaskThread "GC Thread#7" [stack: 0x0000003b6f300000,0x0000003b6f400000] [id=34108]

Threads with active compile tasks:
C2 CompilerThread0  5018097 26042       4       org.eclipse.jdt.internal.compiler.lookup.Scope::findDefaultAbstractMethod (416 bytes)
C2 CompilerThread1  5018097 26061       4       org.eclipse.jdt.core.dom.ASTConverter::convert (708 bytes)

VM state: at safepoint (normal execution)

VM Mutex/Monitor currently owned by a thread:  ([mutex/lock_event])
[0x000001651708a070] Threads_lock - owner thread: 0x0000016531f214b0
[0x000001651708a580] Heap_lock - owner thread: 0x0000016536a28980

Heap address: 0x00000000c0000000, size: 1024 MB, Compressed Oops mode: 32-bit

CDS archive(s) not mapped
Compressed class space mapped at: 0x0000000100000000-0x0000000140000000, reserved size: 1073741824
Narrow klass base: 0x0000000000000000, Narrow klass shift: 3, Narrow klass range: 0x140000000

GC Precious Log:
 CPUs: 8 total, 8 available
 Memory: 7934M
 Large Page Support: Disabled
 NUMA Support: Disabled
 Compressed Oops: Enabled (32-bit)
 Alignments: Space 512K, Generation 512K, Heap 2M
 Heap Min Capacity: 100M
 Heap Initial Capacity: 100M
 Heap Max Capacity: 1G
 Pre-touch: Disabled
 Parallel Workers: 8

Heap:
 PSYoungGen      total 10240K, used 10051K [0x00000000eab00000, 0x00000000ebc00000, 0x0000000100000000)
  eden space 6656K, 100% used [0x00000000eab00000,0x00000000eb180000,0x00000000eb180000)
  from space 3584K, 94% used [0x00000000eb180000,0x00000000eb4d0cc0,0x00000000eb500000)
  to   space 4608K, 70% used [0x00000000eb780000,0x00000000ebaafec0,0x00000000ebc00000)
 ParOldGen       total 119296K, used 116098K [0x00000000c0000000, 0x00000000c7480000, 0x00000000eab00000)
  object space 119296K, 97% used [0x00000000c0000000,0x00000000c7160910,0x00000000c7480000)
 Metaspace       used 99074K, committed 100480K, reserved 1179648K
  class space    used 10119K, committed 10752K, reserved 1048576K

Card table byte_map: [0x000001652a710000,0x000001652a920000] _byte_map_base: 0x000001652a110000

Marking Bits: (ParMarkBitMap*) 0x00007ffe617c6940
 Begin Bits: [0x000001652aa80000, 0x000001652ba80000)
 End Bits:   [0x000001652ba80000, 0x000001652ca80000)

Polling page: 0x0000016517150000

Metaspace:

Usage:
  Non-class:     86.87 MB used.
      Class:      9.88 MB used.
       Both:     96.75 MB used.

Virtual space:
  Non-class space:      128.00 MB reserved,      87.62 MB ( 68%) committed,  2 nodes.
      Class space:        1.00 GB reserved,      10.50 MB (  1%) committed,  1 nodes.
             Both:        1.12 GB reserved,      98.12 MB (  9%) committed. 

Chunk freelists:
   Non-Class:  7.75 MB
       Class:  5.54 MB
        Both:  13.29 MB

MaxMetaspaceSize: unlimited
CompressedClassSpaceSize: 1.00 GB
Initial GC threshold: 21.00 MB
Current GC threshold: 163.44 MB
CDS: off
MetaspaceReclaimPolicy: balanced
 - commit_granule_bytes: 65536.
 - commit_granule_words: 8192.
 - virtual_space_node_default_size: 8388608.
 - enlarge_chunks_in_place: 1.
 - new_chunks_are_fully_committed: 0.
 - uncommit_free_chunks: 1.
 - use_allocation_guard: 0.
 - handle_deallocations: 1.


Internal statistics:

num_allocs_failed_limit: 9.
num_arena_births: 1276.
num_arena_deaths: 360.
num_vsnodes_births: 3.
num_vsnodes_deaths: 0.
num_space_committed: 1570.
num_space_uncommitted: 0.
num_chunks_returned_to_freelist: 410.
num_chunks_taken_from_freelist: 5835.
num_chunk_merges: 137.
num_chunk_splits: 3372.
num_chunks_enlarged: 1738.
num_inconsistent_stats: 0.

CodeHeap 'non-profiled nmethods': size=120000Kb used=20601Kb max_used=20761Kb free=99398Kb
 bounds [0x0000016523000000, 0x0000016524450000, 0x000001652a530000]
CodeHeap 'profiled nmethods': size=120000Kb used=40602Kb max_used=40602Kb free=79397Kb
 bounds [0x000001651b530000, 0x000001651dd20000, 0x0000016522a60000]
CodeHeap 'non-nmethods': size=5760Kb used=1479Kb max_used=1570Kb free=4280Kb
 bounds [0x0000016522a60000, 0x0000016522cd0000, 0x0000016523000000]
 total_blobs=19152 nmethods=18324 adapters=735
 compilation: enabled
              stopped_count=0, restarted_count=0
 full_count=0

Compilation events (20 events):
Event: 5013.741 Thread 0x0000016531f5f040 nmethod 26083 0x000001651b8e7090 code [0x000001651b8e7240, 0x000001651b8e74d8]
Event: 5013.741 Thread 0x0000016531f5f040 26081       3       org.eclipse.jdt.internal.compiler.parser.JavadocParser::parseParam (27 bytes)
Event: 5013.742 Thread 0x0000016531f5f040 nmethod 26081 0x000001651d91a390 code [0x000001651d91a540, 0x000001651d91a728]
Event: 5013.742 Thread 0x0000016531f5f040 26089       1       org.eclipse.jdt.internal.compiler.ast.ArrayQualifiedTypeReference::setAnnotationsOnDimensions (6 bytes)
Event: 5013.742 Thread 0x0000016531f5f040 nmethod 26089 0x0000016524446310 code [0x00000165244464a0, 0x0000016524446578]
Event: 5013.742 Thread 0x0000016531f5f040 26088       3       org.eclipse.jdt.internal.compiler.parser.Parser::consumeTypeParameterHeader (163 bytes)
Event: 5013.742 Thread 0x0000016531f5f040 nmethod 26088 0x000001651cf7ca90 code [0x000001651cf7cc80, 0x000001651cf7d378]
Event: 5013.744 Thread 0x0000016531f5f040 26092       3       lombok.eclipse.TransformEclipseAST$AnnotationVisitor::visitAnnotationOnType (41 bytes)
Event: 5013.745 Thread 0x0000016531f5f040 nmethod 26092 0x000001651cf7bd10 code [0x000001651cf7bf00, 0x000001651cf7c5e8]
Event: 5013.755 Thread 0x0000016531f5f040 26093 %     3       org.eclipse.jdt.internal.compiler.lookup.BinaryTypeBinding::createMethod @ 222 (1724 bytes)
Event: 5013.763 Thread 0x0000016531f5f040 nmethod 26093% 0x000001651dcea190 code [0x000001651dceaa80, 0x000001651dcf2568]
Event: 5013.763 Thread 0x0000016531f5f040 26095 %     3       org.eclipse.jdt.internal.compiler.lookup.Scope::getTypeOrPackage @ 1059 (1787 bytes)
Event: 5013.773 Thread 0x0000016531f5f040 nmethod 26095% 0x000001651dcf5610 code [0x000001651dcf6260, 0x000001651dd00688]
Event: 5013.774 Thread 0x0000016531f5f040 26104       3       org.eclipse.jdt.internal.compiler.lookup.BinaryTypeBinding::createMethod (1724 bytes)
Event: 5013.781 Thread 0x0000016531f5f040 nmethod 26104 0x000001651dd03a10 code [0x000001651dd042e0, 0x000001651dd0b348]
Event: 5013.781 Thread 0x0000016531f5f040 26097       3       org.eclipse.jdt.internal.compiler.lookup.Scope::findMemberType (723 bytes)
Event: 5013.786 Thread 0x0000016531f5f040 nmethod 26097 0x000001651cebf210 code [0x000001651cebf8e0, 0x000001651cec45d8]
Event: 5013.786 Thread 0x0000016531f5f040 26107   !   3       org.eclipse.jdt.internal.compiler.parser.Scanner$VanguardParser::parse (455 bytes)
Event: 5013.787 Thread 0x0000016531f5f040 nmethod 26107 0x000001651d3cbb90 code [0x000001651d3cbe80, 0x000001651d3ccfc8]
Event: 5013.787 Thread 0x0000016531f5f040 26110   !   3       org.eclipse.jdt.internal.compiler.parser.Scanner::getNextToken0 (3030 bytes)

GC Heap History (20 events):
Event: 5013.556 GC heap after
{Heap after GC invocations=2287 (full 53):
 PSYoungGen      total 7680K, used 325K [0x00000000eab00000, 0x00000000eb500000, 0x0000000100000000)
  eden space 7168K, 0% used [0x00000000eab00000,0x00000000eab00000,0x00000000eb200000)
  from space 512K, 63% used [0x00000000eb480000,0x00000000eb4d1798,0x00000000eb500000)
  to   space 1536K, 0% used [0x00000000eb200000,0x00000000eb200000,0x00000000eb380000)
 ParOldGen       total 119296K, used 103043K [0x00000000c0000000, 0x00000000c7480000, 0x00000000eab00000)
  object space 119296K, 86% used [0x00000000c0000000,0x00000000c64a0e38,0x00000000c7480000)
 Metaspace       used 99060K, committed 100480K, reserved 1179648K
  class space    used 10119K, committed 10752K, reserved 1048576K
}
Event: 5013.562 GC heap before
{Heap before GC invocations=2288 (full 53):
 PSYoungGen      total 7680K, used 7449K [0x00000000eab00000, 0x00000000eb500000, 0x0000000100000000)
  eden space 7168K, 99% used [0x00000000eab00000,0x00000000eb1f4f08,0x00000000eb200000)
  from space 512K, 63% used [0x00000000eb480000,0x00000000eb4d1798,0x00000000eb500000)
  to   space 1536K, 0% used [0x00000000eb200000,0x00000000eb200000,0x00000000eb380000)
 ParOldGen       total 119296K, used 103043K [0x00000000c0000000, 0x00000000c7480000, 0x00000000eab00000)
  object space 119296K, 86% used [0x00000000c0000000,0x00000000c64a0e38,0x00000000c7480000)
 Metaspace       used 99060K, committed 100480K, reserved 1179648K
  class space    used 10119K, committed 10752K, reserved 1048576K
}
Event: 5013.563 GC heap after
{Heap after GC invocations=2288 (full 53):
 PSYoungGen      total 8704K, used 288K [0x00000000eab00000, 0x00000000eb500000, 0x0000000100000000)
  eden space 7168K, 0% used [0x00000000eab00000,0x00000000eab00000,0x00000000eb200000)
  from space 1536K, 18% used [0x00000000eb200000,0x00000000eb248020,0x00000000eb380000)
  to   space 512K, 0% used [0x00000000eb480000,0x00000000eb480000,0x00000000eb500000)
 ParOldGen       total 119296K, used 103249K [0x00000000c0000000, 0x00000000c7480000, 0x00000000eab00000)
  object space 119296K, 86% used [0x00000000c0000000,0x00000000c64d45d0,0x00000000c7480000)
 Metaspace       used 99060K, committed 100480K, reserved 1179648K
  class space    used 10119K, committed 10752K, reserved 1048576K
}
Event: 5013.568 GC heap before
{Heap before GC invocations=2289 (full 53):
 PSYoungGen      total 8704K, used 7456K [0x00000000eab00000, 0x00000000eb500000, 0x0000000100000000)
  eden space 7168K, 100% used [0x00000000eab00000,0x00000000eb200000,0x00000000eb200000)
  from space 1536K, 18% used [0x00000000eb200000,0x00000000eb248020,0x00000000eb380000)
  to   space 512K, 0% used [0x00000000eb480000,0x00000000eb480000,0x00000000eb500000)
 ParOldGen       total 119296K, used 103249K [0x00000000c0000000, 0x00000000c7480000, 0x00000000eab00000)
  object space 119296K, 86% used [0x00000000c0000000,0x00000000c64d45d0,0x00000000c7480000)
 Metaspace       used 99060K, committed 100480K, reserved 1179648K
  class space    used 10119K, committed 10752K, reserved 1048576K
}
Event: 5013.570 GC heap after
{Heap after GC invocations=2289 (full 53):
 PSYoungGen      total 7680K, used 485K [0x00000000eab00000, 0x00000000eb500000, 0x0000000100000000)
  eden space 7168K, 0% used [0x00000000eab00000,0x00000000eab00000,0x00000000eb200000)
  from space 512K, 94% used [0x00000000eb480000,0x00000000eb4f9798,0x00000000eb500000)
  to   space 1024K, 0% used [0x00000000eb300000,0x00000000eb300000,0x00000000eb400000)
 ParOldGen       total 119296K, used 103476K [0x00000000c0000000, 0x00000000c7480000, 0x00000000eab00000)
  object space 119296K, 86% used [0x00000000c0000000,0x00000000c650d1c8,0x00000000c7480000)
 Metaspace       used 99060K, committed 100480K, reserved 1179648K
  class space    used 10119K, committed 10752K, reserved 1048576K
}
Event: 5013.573 GC heap before
{Heap before GC invocations=2290 (full 53):
 PSYoungGen      total 7680K, used 7640K [0x00000000eab00000, 0x00000000eb500000, 0x0000000100000000)
  eden space 7168K, 99% used [0x00000000eab00000,0x00000000eb1fc970,0x00000000eb200000)
  from space 512K, 94% used [0x00000000eb480000,0x00000000eb4f9798,0x00000000eb500000)
  to   space 1024K, 0% used [0x00000000eb300000,0x00000000eb300000,0x00000000eb400000)
 ParOldGen       total 119296K, used 103476K [0x00000000c0000000, 0x00000000c7480000, 0x00000000eab00000)
  object space 119296K, 86% used [0x00000000c0000000,0x00000000c650d1c8,0x00000000c7480000)
 Metaspace       used 99060K, committed 100480K, reserved 1179648K
  class space    used 10119K, committed 10752K, reserved 1048576K
}
Event: 5013.575 GC heap after
{Heap after GC invocations=2290 (full 53):
 PSYoungGen      total 9216K, used 544K [0x00000000eab00000, 0x00000000eb580000, 0x0000000100000000)
  eden space 8192K, 0% used [0x00000000eab00000,0x00000000eab00000,0x00000000eb300000)
  from space 1024K, 53% used [0x00000000eb300000,0x00000000eb388000,0x00000000eb400000)
  to   space 1024K, 0% used [0x00000000eb480000,0x00000000eb480000,0x00000000eb580000)
 ParOldGen       total 119296K, used 104444K [0x00000000c0000000, 0x00000000c7480000, 0x00000000eab00000)
  object space 119296K, 87% used [0x00000000c0000000,0x00000000c65ff2e0,0x00000000c7480000)
 Metaspace       used 99060K, committed 100480K, reserved 1179648K
  class space    used 10119K, committed 10752K, reserved 1048576K
}
Event: 5013.581 GC heap before
{Heap before GC invocations=2291 (full 53):
 PSYoungGen      total 9216K, used 8736K [0x00000000eab00000, 0x00000000eb580000, 0x0000000100000000)
  eden space 8192K, 100% used [0x00000000eab00000,0x00000000eb300000,0x00000000eb300000)
  from space 1024K, 53% used [0x00000000eb300000,0x00000000eb388000,0x00000000eb400000)
  to   space 1024K, 0% used [0x00000000eb480000,0x00000000eb480000,0x00000000eb580000)
 ParOldGen       total 119296K, used 104444K [0x00000000c0000000, 0x00000000c7480000, 0x00000000eab00000)
  object space 119296K, 87% used [0x00000000c0000000,0x00000000c65ff2e0,0x00000000c7480000)
 Metaspace       used 99063K, committed 100480K, reserved 1179648K
  class space    used 10119K, committed 10752K, reserved 1048576K
}
Event: 5013.582 GC heap after
{Heap after GC invocations=2291 (full 53):
 PSYoungGen      total 10240K, used 306K [0x00000000eab00000, 0x00000000eb600000, 0x0000000100000000)
  eden space 9216K, 0% used [0x00000000eab00000,0x00000000eab00000,0x00000000eb400000)
  from space 1024K, 29% used [0x00000000eb480000,0x00000000eb4ccbd8,0x00000000eb580000)
  to   space 512K, 0% used [0x00000000eb400000,0x00000000eb400000,0x00000000eb480000)
 ParOldGen       total 119296K, used 104580K [0x00000000c0000000, 0x00000000c7480000, 0x00000000eab00000)
  object space 119296K, 87% used [0x00000000c0000000,0x00000000c66212e0,0x00000000c7480000)
 Metaspace       used 99063K, committed 100480K, reserved 1179648K
  class space    used 10119K, committed 10752K, reserved 1048576K
}
Event: 5013.587 GC heap before
{Heap before GC invocations=2292 (full 53):
 PSYoungGen      total 10240K, used 9522K [0x00000000eab00000, 0x00000000eb600000, 0x0000000100000000)
  eden space 9216K, 100% used [0x00000000eab00000,0x00000000eb400000,0x00000000eb400000)
  from space 1024K, 29% used [0x00000000eb480000,0x00000000eb4ccbd8,0x00000000eb580000)
  to   space 512K, 0% used [0x00000000eb400000,0x00000000eb400000,0x00000000eb480000)
 ParOldGen       total 119296K, used 104580K [0x00000000c0000000, 0x00000000c7480000, 0x00000000eab00000)
  object space 119296K, 87% used [0x00000000c0000000,0x00000000c66212e0,0x00000000c7480000)
 Metaspace       used 99068K, committed 100480K, reserved 1179648K
  class space    used 10119K, committed 10752K, reserved 1048576K
}
Event: 5013.590 GC heap after
{Heap after GC invocations=2292 (full 53):
 PSYoungGen      total 9728K, used 512K [0x00000000eab00000, 0x00000000eb800000, 0x0000000100000000)
  eden space 9216K, 0% used [0x00000000eab00000,0x00000000eab00000,0x00000000eb400000)
  from space 512K, 100% used [0x00000000eb400000,0x00000000eb480000,0x00000000eb480000)
  to   space 1024K, 0% used [0x00000000eb700000,0x00000000eb700000,0x00000000eb800000)
 ParOldGen       total 119296K, used 104925K [0x00000000c0000000, 0x00000000c7480000, 0x00000000eab00000)
  object space 119296K, 87% used [0x00000000c0000000,0x00000000c66777f8,0x00000000c7480000)
 Metaspace       used 99068K, committed 100480K, reserved 1179648K
  class space    used 10119K, committed 10752K, reserved 1048576K
}
Event: 5013.597 GC heap before
{Heap before GC invocations=2293 (full 53):
 PSYoungGen      total 9728K, used 9728K [0x00000000eab00000, 0x00000000eb800000, 0x0000000100000000)
  eden space 9216K, 100% used [0x00000000eab00000,0x00000000eb400000,0x00000000eb400000)
  from space 512K, 100% used [0x00000000eb400000,0x00000000eb480000,0x00000000eb480000)
  to   space 1024K, 0% used [0x00000000eb700000,0x00000000eb700000,0x00000000eb800000)
 ParOldGen       total 119296K, used 104925K [0x00000000c0000000, 0x00000000c7480000, 0x00000000eab00000)
  object space 119296K, 87% used [0x00000000c0000000,0x00000000c66777f8,0x00000000c7480000)
 Metaspace       used 99070K, committed 100480K, reserved 1179648K
  class space    used 10119K, committed 10752K, reserved 1048576K
}
Event: 5013.598 GC heap after
{Heap after GC invocations=2293 (full 53):
 PSYoungGen      total 12288K, used 352K [0x00000000eab00000, 0x00000000eb800000, 0x0000000100000000)
  eden space 11264K, 0% used [0x00000000eab00000,0x00000000eab00000,0x00000000eb600000)
  from space 1024K, 34% used [0x00000000eb700000,0x00000000eb758000,0x00000000eb800000)
  to   space 1024K, 0% used [0x00000000eb600000,0x00000000eb600000,0x00000000eb700000)
 ParOldGen       total 119296K, used 105451K [0x00000000c0000000, 0x00000000c7480000, 0x00000000eab00000)
  object space 119296K, 88% used [0x00000000c0000000,0x00000000c66fac98,0x00000000c7480000)
 Metaspace       used 99070K, committed 100480K, reserved 1179648K
  class space    used 10119K, committed 10752K, reserved 1048576K
}
Event: 5013.605 GC heap before
{Heap before GC invocations=2294 (full 53):
 PSYoungGen      total 12288K, used 11586K [0x00000000eab00000, 0x00000000eb800000, 0x0000000100000000)
  eden space 11264K, 99% used [0x00000000eab00000,0x00000000eb5f8868,0x00000000eb600000)
  from space 1024K, 34% used [0x00000000eb700000,0x00000000eb758000,0x00000000eb800000)
  to   space 1024K, 0% used [0x00000000eb600000,0x00000000eb600000,0x00000000eb700000)
 ParOldGen       total 119296K, used 105451K [0x00000000c0000000, 0x00000000c7480000, 0x00000000eab00000)
  object space 119296K, 88% used [0x00000000c0000000,0x00000000c66fac98,0x00000000c7480000)
 Metaspace       used 99070K, committed 100480K, reserved 1179648K
  class space    used 10119K, committed 10752K, reserved 1048576K
}
Event: 5013.606 GC heap after
{Heap after GC invocations=2294 (full 53):
 PSYoungGen      total 12288K, used 64K [0x00000000eab00000, 0x00000000eb980000, 0x0000000100000000)
  eden space 11264K, 0% used [0x00000000eab00000,0x00000000eab00000,0x00000000eb600000)
  from space 1024K, 6% used [0x00000000eb600000,0x00000000eb610000,0x00000000eb700000)
  to   space 512K, 0% used [0x00000000eb900000,0x00000000eb900000,0x00000000eb980000)
 ParOldGen       total 119296K, used 105669K [0x00000000c0000000, 0x00000000c7480000, 0x00000000eab00000)
  object space 119296K, 88% used [0x00000000c0000000,0x00000000c6731628,0x00000000c7480000)
 Metaspace       used 99070K, committed 100480K, reserved 1179648K
  class space    used 10119K, committed 10752K, reserved 1048576K
}
Event: 5013.613 GC heap before
{Heap before GC invocations=2295 (full 53):
 PSYoungGen      total 12288K, used 11307K [0x00000000eab00000, 0x00000000eb980000, 0x0000000100000000)
  eden space 11264K, 99% used [0x00000000eab00000,0x00000000eb5faf00,0x00000000eb600000)
  from space 1024K, 6% used [0x00000000eb600000,0x00000000eb610000,0x00000000eb700000)
  to   space 512K, 0% used [0x00000000eb900000,0x00000000eb900000,0x00000000eb980000)
 ParOldGen       total 119296K, used 105669K [0x00000000c0000000, 0x00000000c7480000, 0x00000000eab00000)
  object space 119296K, 88% used [0x00000000c0000000,0x00000000c6731628,0x00000000c7480000)
 Metaspace       used 99070K, committed 100480K, reserved 1179648K
  class space    used 10119K, committed 10752K, reserved 1048576K
}
Event: 5013.614 GC heap after
{Heap after GC invocations=2295 (full 53):
 PSYoungGen      total 11776K, used 160K [0x00000000eab00000, 0x00000000eb980000, 0x0000000100000000)
  eden space 11264K, 0% used [0x00000000eab00000,0x00000000eab00000,0x00000000eb600000)
  from space 512K, 31% used [0x00000000eb900000,0x00000000eb928000,0x00000000eb980000)
  to   space 512K, 0% used [0x00000000eb880000,0x00000000eb880000,0x00000000eb900000)
 ParOldGen       total 119296K, used 105701K [0x00000000c0000000, 0x00000000c7480000, 0x00000000eab00000)
  object space 119296K, 88% used [0x00000000c0000000,0x00000000c6739628,0x00000000c7480000)
 Metaspace       used 99070K, committed 100480K, reserved 1179648K
  class space    used 10119K, committed 10752K, reserved 1048576K
}
Event: 5013.736 GC heap before
{Heap before GC invocations=2296 (full 53):
 PSYoungGen      total 11776K, used 11424K [0x00000000eab00000, 0x00000000eb980000, 0x0000000100000000)
  eden space 11264K, 100% used [0x00000000eab00000,0x00000000eb600000,0x00000000eb600000)
  from space 512K, 31% used [0x00000000eb900000,0x00000000eb928000,0x00000000eb980000)
  to   space 512K, 0% used [0x00000000eb880000,0x00000000eb880000,0x00000000eb900000)
 ParOldGen       total 119296K, used 105701K [0x00000000c0000000, 0x00000000c7480000, 0x00000000eab00000)
  object space 119296K, 88% used [0x00000000c0000000,0x00000000c6739628,0x00000000c7480000)
 Metaspace       used 99071K, committed 100480K, reserved 1179648K
  class space    used 10119K, committed 10752K, reserved 1048576K
}
Event: 5013.739 GC heap after
{Heap after GC invocations=2296 (full 53):
 PSYoungGen      total 11776K, used 502K [0x00000000eab00000, 0x00000000ebc00000, 0x0000000100000000)
  eden space 11264K, 0% used [0x00000000eab00000,0x00000000eab00000,0x00000000eb600000)
  from space 512K, 98% used [0x00000000eb880000,0x00000000eb8fdbf0,0x00000000eb900000)
  to   space 3072K, 0% used [0x00000000eb900000,0x00000000eb900000,0x00000000ebc00000)
 ParOldGen       total 119296K, used 107426K [0x00000000c0000000, 0x00000000c7480000, 0x00000000eab00000)
  object space 119296K, 90% used [0x00000000c0000000,0x00000000c68e8840,0x00000000c7480000)
 Metaspace       used 99071K, committed 100480K, reserved 1179648K
  class space    used 10119K, committed 10752K, reserved 1048576K
}
Event: 5013.807 GC heap before
{Heap before GC invocations=2297 (full 53):
 PSYoungGen      total 11776K, used 11766K [0x00000000eab00000, 0x00000000ebc00000, 0x0000000100000000)
  eden space 11264K, 100% used [0x00000000eab00000,0x00000000eb600000,0x00000000eb600000)
  from space 512K, 98% used [0x00000000eb880000,0x00000000eb8fdbf0,0x00000000eb900000)
  to   space 3072K, 0% used [0x00000000eb900000,0x00000000eb900000,0x00000000ebc00000)
 ParOldGen       total 119296K, used 107426K [0x00000000c0000000, 0x00000000c7480000, 0x00000000eab00000)
  object space 119296K, 90% used [0x00000000c0000000,0x00000000c68e8840,0x00000000c7480000)
 Metaspace       used 99073K, committed 100480K, reserved 1179648K
  class space    used 10119K, committed 10752K, reserved 1048576K
}

Dll operation events (12 events):
Event: 0.042 Loaded shared library c:\Users\Ngoc Mai\.vscode\extensions\redhat.java-1.36.0-win32-x64\jre\17.0.13-win32-x86_64\bin\java.dll
Event: 0.318 Loaded shared library c:\Users\Ngoc Mai\.vscode\extensions\redhat.java-1.36.0-win32-x64\jre\17.0.13-win32-x86_64\bin\zip.dll
Event: 0.324 Loaded shared library C:\Users\Ngoc Mai\.vscode\extensions\redhat.java-1.36.0-win32-x64\jre\17.0.13-win32-x86_64\bin\instrument.dll
Event: 0.341 Loaded shared library C:\Users\Ngoc Mai\.vscode\extensions\redhat.java-1.36.0-win32-x64\jre\17.0.13-win32-x86_64\bin\net.dll
Event: 0.343 Loaded shared library C:\Users\Ngoc Mai\.vscode\extensions\redhat.java-1.36.0-win32-x64\jre\17.0.13-win32-x86_64\bin\nio.dll
Event: 0.351 Loaded shared library C:\Users\Ngoc Mai\.vscode\extensions\redhat.java-1.36.0-win32-x64\jre\17.0.13-win32-x86_64\bin\zip.dll
Event: 0.376 Loaded shared library C:\Users\Ngoc Mai\.vscode\extensions\redhat.java-1.36.0-win32-x64\jre\17.0.13-win32-x86_64\bin\jimage.dll
Event: 0.475 Loaded shared library c:\Users\Ngoc Mai\.vscode\extensions\redhat.java-1.36.0-win32-x64\jre\17.0.13-win32-x86_64\bin\verify.dll
Event: 2.055 Loaded shared library C:\Users\Ngoc Mai\AppData\Roaming\Code\User\globalStorage\redhat.java\1.36.0\config_win\org.eclipse.equinox.launcher\org.eclipse.equinox.launcher.win32.win32.x86_64_1.2.1100.v20240722-2106\eclipse_11904.dll
Event: 4.146 Loaded shared library C:\Users\Ngoc Mai\AppData\Local\Temp\jna--1305853950\jna11398432244164950490.dll
Event: 67.105 Loaded shared library C:\Users\Ngoc Mai\.vscode\extensions\redhat.java-1.36.0-win32-x64\jre\17.0.13-win32-x86_64\bin\extnet.dll
Event: 1731.678 Loaded shared library C:\Users\Ngoc Mai\.vscode\extensions\redhat.java-1.36.0-win32-x64\jre\17.0.13-win32-x86_64\bin\sunmscapi.dll

Deoptimization events (20 events):
Event: 5013.781 Thread 0x0000016533713410 Uncommon trap: trap_request=0xffffffde fr.pc=0x000001652367df94 relative=0x0000000000000254
Event: 5013.781 Thread 0x0000016533713410 Uncommon trap: reason=class_check action=maybe_recompile pc=0x000001652367df94 method=lombok.eclipse.agent.PatchVal.couldBe([Lorg/eclipse/jdt/internal/compiler/ast/ImportReference;Ljava/lang/String;Lorg/eclipse/jdt/internal/compiler/ast/TypeReference;)Z @
Event: 5013.781 Thread 0x0000016533713410 DEOPT PACKING pc=0x000001652367df94 sp=0x0000003b70afdee0
Event: 5013.781 Thread 0x0000016533713410 DEOPT UNPACKING pc=0x0000016522ab9ea3 sp=0x0000003b70afde20 mode 2
Event: 5013.781 Thread 0x0000016533713410 Uncommon trap: trap_request=0xffffffde fr.pc=0x000001652367df94 relative=0x0000000000000254
Event: 5013.781 Thread 0x0000016533713410 Uncommon trap: reason=class_check action=maybe_recompile pc=0x000001652367df94 method=lombok.eclipse.agent.PatchVal.couldBe([Lorg/eclipse/jdt/internal/compiler/ast/ImportReference;Ljava/lang/String;Lorg/eclipse/jdt/internal/compiler/ast/TypeReference;)Z @
Event: 5013.781 Thread 0x0000016533713410 DEOPT PACKING pc=0x000001652367df94 sp=0x0000003b70afdee0
Event: 5013.781 Thread 0x0000016533713410 DEOPT UNPACKING pc=0x0000016522ab9ea3 sp=0x0000003b70afde20 mode 2
Event: 5013.782 Thread 0x0000016533712f00 Uncommon trap: trap_request=0xffffffde fr.pc=0x0000016523eb1b74 relative=0x00000000000010d4
Event: 5013.782 Thread 0x0000016533712f00 Uncommon trap: reason=class_check action=maybe_recompile pc=0x0000016523eb1b74 method=lombok.eclipse.agent.PatchVal.couldBe([Lorg/eclipse/jdt/internal/compiler/ast/ImportReference;Ljava/lang/String;Lorg/eclipse/jdt/internal/compiler/ast/TypeReference;)Z @
Event: 5013.782 Thread 0x0000016533712f00 DEOPT PACKING pc=0x0000016523eb1b74 sp=0x0000003b6fefe030
Event: 5013.782 Thread 0x0000016533712f00 DEOPT UNPACKING pc=0x0000016522ab9ea3 sp=0x0000003b6fefdea8 mode 2
Event: 5013.782 Thread 0x0000016533712f00 Uncommon trap: trap_request=0xffffffde fr.pc=0x000001652367df94 relative=0x0000000000000254
Event: 5013.782 Thread 0x0000016533712f00 Uncommon trap: reason=class_check action=maybe_recompile pc=0x000001652367df94 method=lombok.eclipse.agent.PatchVal.couldBe([Lorg/eclipse/jdt/internal/compiler/ast/ImportReference;Ljava/lang/String;Lorg/eclipse/jdt/internal/compiler/ast/TypeReference;)Z @
Event: 5013.782 Thread 0x0000016533712f00 DEOPT PACKING pc=0x000001652367df94 sp=0x0000003b6fefdf60
Event: 5013.782 Thread 0x0000016533712f00 DEOPT UNPACKING pc=0x0000016522ab9ea3 sp=0x0000003b6fefdea0 mode 2
Event: 5013.786 Thread 0x0000016533713410 Uncommon trap: trap_request=0xffffff45 fr.pc=0x00000165240ace5c relative=0x00000000000042fc
Event: 5013.786 Thread 0x0000016533713410 Uncommon trap: reason=unstable_if action=reinterpret pc=0x00000165240ace5c method=org.eclipse.jdt.internal.compiler.parser.Scanner.getNextToken0()I @ 1096 c2
Event: 5013.786 Thread 0x0000016533713410 DEOPT PACKING pc=0x00000165240ace5c sp=0x0000003b70afe030
Event: 5013.786 Thread 0x0000016533713410 DEOPT UNPACKING pc=0x0000016522ab9ea3 sp=0x0000003b70afdfb8 mode 2

Classes loaded (20 events):
Event: 2927.808 Loading class java/lang/Throwable$PrintStreamOrWriter done
Event: 2927.808 Loading class java/lang/Throwable$WrappedPrintWriter done
Event: 4606.751 Loading class java/util/stream/ReferencePipeline$15
Event: 4606.760 Loading class java/util/stream/ReferencePipeline$15 done
Event: 4606.762 Loading class java/util/stream/ReferencePipeline$15$1
Event: 4606.766 Loading class java/util/stream/ReferencePipeline$15$1 done
Event: 4752.212 Loading class jdk/internal/reflect/UnsafeQualifiedStaticByteFieldAccessorImpl
Event: 4752.214 Loading class jdk/internal/reflect/UnsafeQualifiedStaticByteFieldAccessorImpl done
Event: 4752.445 Loading class java/util/function/IntBinaryOperator
Event: 4752.445 Loading class java/util/function/IntBinaryOperator done
Event: 4752.445 Loading class java/util/stream/ReduceOps$6
Event: 4752.446 Loading class java/util/stream/ReduceOps$6 done
Event: 4752.446 Loading class java/util/stream/ReduceOps$5ReducingSink
Event: 4752.446 Loading class java/util/stream/ReduceOps$5ReducingSink done
Event: 4783.730 Loading class java/util/concurrent/CompletableFuture$AsyncSupply
Event: 4783.731 Loading class java/util/concurrent/CompletableFuture$AsyncSupply done
Event: 4783.816 Loading class java/util/EmptyStackException
Event: 4783.817 Loading class java/util/EmptyStackException done
Event: 4863.389 Loading class java/util/concurrent/CompletableFuture$AsyncRun
Event: 4863.390 Loading class java/util/concurrent/CompletableFuture$AsyncRun done

Classes unloaded (20 events):
Event: 4089.907 Thread 0x0000016531f214b0 Unloading class 0x00000001009cbc00 'java/lang/invoke/LambdaForm$MH+0x00000001009cbc00'
Event: 4089.908 Thread 0x0000016531f214b0 Unloading class 0x00000001009cb800 'java/lang/invoke/LambdaForm$MH+0x00000001009cb800'
Event: 4089.908 Thread 0x0000016531f214b0 Unloading class 0x00000001009cb400 'java/lang/invoke/LambdaForm$MH+0x00000001009cb400'
Event: 4089.908 Thread 0x0000016531f214b0 Unloading class 0x00000001009cb000 'java/lang/invoke/LambdaForm$MH+0x00000001009cb000'
Event: 4089.908 Thread 0x0000016531f214b0 Unloading class 0x00000001009cac00 'java/lang/invoke/LambdaForm$MH+0x00000001009cac00'
Event: 4089.908 Thread 0x0000016531f214b0 Unloading class 0x00000001009ca800 'java/lang/invoke/LambdaForm$MH+0x00000001009ca800'
Event: 4089.908 Thread 0x0000016531f214b0 Unloading class 0x00000001009ca400 'java/lang/invoke/LambdaForm$MH+0x00000001009ca400'
Event: 4089.908 Thread 0x0000016531f214b0 Unloading class 0x00000001009ca000 'java/lang/invoke/LambdaForm$MH+0x00000001009ca000'
Event: 4089.908 Thread 0x0000016531f214b0 Unloading class 0x00000001009c9800 'java/lang/invoke/LambdaForm$MH+0x00000001009c9800'
Event: 4089.908 Thread 0x0000016531f214b0 Unloading class 0x00000001009c9400 'java/lang/invoke/LambdaForm$MH+0x00000001009c9400'
Event: 4089.908 Thread 0x0000016531f214b0 Unloading class 0x00000001009c9000 'java/lang/invoke/LambdaForm$MH+0x00000001009c9000'
Event: 4089.908 Thread 0x0000016531f214b0 Unloading class 0x000000010096e800 'java/lang/invoke/LambdaForm$MH+0x000000010096e800'
Event: 4089.908 Thread 0x0000016531f214b0 Unloading class 0x00000001009c8800 'java/lang/invoke/LambdaForm$MH+0x00000001009c8800'
Event: 4089.908 Thread 0x0000016531f214b0 Unloading class 0x00000001009c8400 'java/lang/invoke/LambdaForm$MH+0x00000001009c8400'
Event: 4089.908 Thread 0x0000016531f214b0 Unloading class 0x00000001009c8000 'java/lang/invoke/LambdaForm$MH+0x00000001009c8000'
Event: 4089.908 Thread 0x0000016531f214b0 Unloading class 0x00000001001a0c00 'java/lang/invoke/LambdaForm$MH+0x00000001001a0c00'
Event: 4089.908 Thread 0x0000016531f214b0 Unloading class 0x00000001001a0800 'java/lang/invoke/LambdaForm$MH+0x00000001001a0800'
Event: 4089.908 Thread 0x0000016531f214b0 Unloading class 0x00000001001a1400 'java/lang/invoke/LambdaForm$MH+0x00000001001a1400'
Event: 4989.494 Thread 0x0000016531f214b0 Unloading class 0x0000000100a65000 'java/lang/invoke/LambdaForm$DMH+0x0000000100a65000'
Event: 4989.494 Thread 0x0000016531f214b0 Unloading class 0x0000000100a64c00 'java/lang/invoke/LambdaForm$DMH+0x0000000100a64c00'

Classes redefined (0 events):
No events

Internal exceptions (20 events):
Event: 4804.747 Thread 0x0000016536a298b0 Implicit null exception at 0x0000016523d8574c to 0x0000016523d86498
Event: 4804.747 Thread 0x0000016536a298b0 Implicit null exception at 0x0000016523b35886 to 0x0000016523b36c0c
Event: 4804.929 Thread 0x0000016536a298b0 Exception <a 'java/lang/ArrayIndexOutOfBoundsException'{0x00000000eabe0f48}: Index -1 out of bounds for length 26827> (0x00000000eabe0f48) 
thrown [s\src\hotspot\share\interpreter\interpreterRuntime.cpp, line 428]
Event: 4804.930 Thread 0x0000016536a298b0 Exception <a 'java/lang/ArrayIndexOutOfBoundsException'{0x00000000eac0b160}: Index -1 out of bounds for length 26827> (0x00000000eac0b160) 
thrown [s\src\hotspot\share\interpreter\interpreterRuntime.cpp, line 428]
Event: 4863.296 Thread 0x0000016536a28980 Implicit null exception at 0x0000016523c1a5f4 to 0x0000016523c1af68
Event: 4863.387 Thread 0x0000016536835730 Exception <a 'java/lang/InterruptedException'{0x00000000eab0b7c8}> (0x00000000eab0b7c8) 
thrown [s\src\hotspot\share\runtime\objectMonitor.cpp, line 1658]
Event: 4863.653 Thread 0x0000016533713410 Implicit null exception at 0x0000016524003c06 to 0x0000016524004554
Event: 4863.777 Thread 0x0000016536a28980 Implicit null exception at 0x00000165239f6b22 to 0x00000165239f71ec
Event: 4877.473 Thread 0x0000016536a28980 Exception <a 'sun/nio/fs/WindowsException'{0x00000000ead7e8a8}> (0x00000000ead7e8a8) 
thrown [s\src\hotspot\share\prims\jni.cpp, line 516]
Event: 4877.474 Thread 0x0000016536a28980 Exception <a 'sun/nio/fs/WindowsException'{0x00000000ead7ed50}> (0x00000000ead7ed50) 
thrown [s\src\hotspot\share\prims\jni.cpp, line 516]
Event: 4877.477 Thread 0x0000016536a28980 Exception <a 'sun/nio/fs/WindowsException'{0x00000000ead7f740}> (0x00000000ead7f740) 
thrown [s\src\hotspot\share\prims\jni.cpp, line 516]
Event: 4877.477 Thread 0x0000016536a28980 Exception <a 'sun/nio/fs/WindowsException'{0x00000000ead7fe70}> (0x00000000ead7fe70) 
thrown [s\src\hotspot\share\prims\jni.cpp, line 516]
Event: 4877.477 Thread 0x0000016536a28980 Exception <a 'sun/nio/fs/WindowsException'{0x00000000ead80ca0}> (0x00000000ead80ca0) 
thrown [s\src\hotspot\share\prims\jni.cpp, line 516]
Event: 4877.477 Thread 0x0000016536a28980 Exception <a 'sun/nio/fs/WindowsException'{0x00000000ead81128}> (0x00000000ead81128) 
thrown [s\src\hotspot\share\prims\jni.cpp, line 516]
Event: 4983.662 Thread 0x0000016533713410 Implicit null exception at 0x000001652342b2b8 to 0x000001652342b32c
Event: 4983.662 Thread 0x0000016536a28980 Implicit null exception at 0x000001652342b2b8 to 0x000001652342b32c
Event: 4989.349 Thread 0x0000016533713e30 Implicit null exception at 0x000001652415d1d0 to 0x000001652415d241
Event: 4996.200 Thread 0x0000016536837080 Exception <a 'java/lang/ClassNotFoundException'{0x00000000eb35d8f8}: sun/util/logging/resources/spi/loggingProvider> (0x00000000eb35d8f8) 
thrown [s\src\hotspot\share\classfile\systemDictionary.cpp, line 256]
Event: 5008.348 Thread 0x0000016533713e30 Implicit null exception at 0x0000016523637756 to 0x00000165236388e4
Event: 5012.634 Thread 0x0000016533712f00 Exception <a 'java/lang/NoSuchMethodError'{0x00000000eb10e858}: 'java.lang.Object java.lang.invoke.DirectMethodHandle$Holder.invokeStatic(java.lang.Object, int, java.lang.Object, java.lang.Object, java.lang.Object)'> (0x00000000eb10e858) 
thrown [s\src\hotspot\share\interpreter\linkResolver.cpp, line 759]

VM Operations (20 events):
Event: 5013.563 Executing VM operation: ParallelGCFailedAllocation done
Event: 5013.568 Executing VM operation: ParallelGCFailedAllocation
Event: 5013.570 Executing VM operation: ParallelGCFailedAllocation done
Event: 5013.573 Executing VM operation: ParallelGCFailedAllocation
Event: 5013.575 Executing VM operation: ParallelGCFailedAllocation done
Event: 5013.581 Executing VM operation: ParallelGCFailedAllocation
Event: 5013.582 Executing VM operation: ParallelGCFailedAllocation done
Event: 5013.587 Executing VM operation: ParallelGCFailedAllocation
Event: 5013.590 Executing VM operation: ParallelGCFailedAllocation done
Event: 5013.597 Executing VM operation: ParallelGCFailedAllocation
Event: 5013.598 Executing VM operation: ParallelGCFailedAllocation done
Event: 5013.605 Executing VM operation: ParallelGCFailedAllocation
Event: 5013.606 Executing VM operation: ParallelGCFailedAllocation done
Event: 5013.613 Executing VM operation: ParallelGCFailedAllocation
Event: 5013.614 Executing VM operation: ParallelGCFailedAllocation done
Event: 5013.736 Executing VM operation: ParallelGCFailedAllocation
Event: 5013.739 Executing VM operation: ParallelGCFailedAllocation done
Event: 5013.742 Executing VM operation: HandshakeAllThreads
Event: 5013.742 Executing VM operation: HandshakeAllThreads done
Event: 5013.807 Executing VM operation: ParallelGCFailedAllocation

Memory protections (0 events):
No events

Nmethod flushes (20 events):
Event: 5013.755 Thread 0x0000016531feeba0 flushing  nmethod 0x0000016524170b10
Event: 5013.755 Thread 0x0000016531feeba0 flushing  nmethod 0x0000016524192010
Event: 5013.755 Thread 0x0000016531feeba0 flushing  nmethod 0x0000016524262690
Event: 5013.756 Thread 0x0000016531feeba0 flushing  nmethod 0x000001652430cb10
Event: 5013.763 Thread 0x0000016531feeba0 flushing  nmethod 0x000001651bc96e90
Event: 5013.764 Thread 0x0000016531feeba0 flushing  nmethod 0x000001651be05b90
Event: 5013.769 Thread 0x0000016531feeba0 flushing  nmethod 0x000001651c2b6b10
Event: 5013.769 Thread 0x0000016531feeba0 flushing  nmethod 0x000001651c2b8810
Event: 5013.770 Thread 0x0000016531feeba0 flushing  nmethod 0x000001651c318b10
Event: 5013.770 Thread 0x0000016531feeba0 flushing  nmethod 0x000001651c40a590
Event: 5013.778 Thread 0x0000016531feeba0 flushing  nmethod 0x000001651cae3090
Event: 5013.778 Thread 0x0000016531feeba0 flushing  nmethod 0x000001651cb24710
Event: 5013.782 Thread 0x0000016531feeba0 flushing  nmethod 0x000001651cebdf10
Event: 5013.782 Thread 0x0000016531feeba0 flushing  nmethod 0x000001651ceffd90
Event: 5013.782 Thread 0x0000016531feeba0 flushing  nmethod 0x000001651cfd9990
Event: 5013.786 Thread 0x0000016531feeba0 flushing  nmethod 0x000001651d3caa90
Event: 5013.792 Thread 0x0000016531feeba0 flushing  nmethod 0x000001651d928690
Event: 5013.793 Thread 0x0000016531feeba0 flushing  nmethod 0x000001651da49590
Event: 5013.793 Thread 0x0000016531feeba0 flushing  nmethod 0x000001651da63110
Event: 5013.794 Thread 0x0000016531feeba0 flushing  nmethod 0x000001651dbe8590

Events (20 events):
Event: 5003.217 Thread 0x0000016537f36b20 Thread exited: 0x0000016537f36b20
Event: 5003.217 Thread 0x0000016537f36080 Thread exited: 0x0000016537f36080
Event: 5003.258 Thread 0x0000016531f5f040 Thread added: 0x0000016537f36080
Event: 5003.258 Thread 0x0000016531f5f040 Thread added: 0x0000016537f36b20
Event: 5003.704 Thread 0x0000016537f36b20 Thread exited: 0x0000016537f36b20
Event: 5004.478 Thread 0x0000016537f36080 Thread exited: 0x0000016537f36080
Event: 5004.815 Thread 0x0000016531f55550 Thread added: 0x0000016537f36080
Event: 5006.462 Thread 0x0000016537f36080 Thread exited: 0x0000016537f36080
Event: 5006.504 Thread 0x0000016531f5f040 Thread added: 0x0000016537f36080
Event: 5006.974 Thread 0x0000016537f36080 Thread exited: 0x0000016537f36080
Event: 5007.037 Thread 0x0000016531f55550 Thread added: 0x0000016537f36080
Event: 5009.074 Thread 0x0000016537f36080 Thread exited: 0x0000016537f36080
Event: 5009.354 Thread 0x0000016531f5f040 Thread added: 0x0000016537f36080
Event: 5010.317 Thread 0x0000016537f36080 Thread exited: 0x0000016537f36080
Event: 5010.428 Thread 0x0000016531f5f040 Thread added: 0x0000016537f36b20
Event: 5011.894 Thread 0x0000016537f36b20 Thread exited: 0x0000016537f36b20
Event: 5011.925 Thread 0x0000016531f5f040 Thread added: 0x0000016537f36080
Event: 5012.622 Thread 0x00000165333a0e50 Thread added: 0x00000165333a36d0
Event: 5012.961 Thread 0x0000016537f36080 Thread exited: 0x0000016537f36080
Event: 5013.264 Thread 0x0000016531f5f040 Thread added: 0x0000016537f36080


Dynamic libraries:
0x00007ff799430000 - 0x00007ff79943e000 	c:\Users\Ngoc Mai\.vscode\extensions\redhat.java-1.36.0-win32-x64\jre\17.0.13-win32-x86_64\bin\java.exe
0x00007fff0c8a0000 - 0x00007fff0cb03000 	C:\WINDOWS\SYSTEM32\ntdll.dll
0x00007fff0a860000 - 0x00007fff0a928000 	C:\WINDOWS\System32\KERNEL32.DLL
0x00007fff09ea0000 - 0x00007fff0a251000 	C:\WINDOWS\System32\KERNELBASE.dll
0x00007fff0a260000 - 0x00007fff0a3ab000 	C:\WINDOWS\System32\ucrtbase.dll
0x00007ffef9f90000 - 0x00007ffef9fa7000 	c:\Users\Ngoc Mai\.vscode\extensions\redhat.java-1.36.0-win32-x64\jre\17.0.13-win32-x86_64\bin\jli.dll
0x00007fff0bec0000 - 0x00007fff0c088000 	C:\WINDOWS\System32\USER32.dll
0x00007fff09d30000 - 0x00007fff09d57000 	C:\WINDOWS\System32\win32u.dll
0x00007fff0b4a0000 - 0x00007fff0b4ca000 	C:\WINDOWS\System32\GDI32.dll
0x00007fff0a5e0000 - 0x00007fff0a705000 	C:\WINDOWS\System32\gdi32full.dll
0x00007fff0a530000 - 0x00007fff0a5d3000 	C:\WINDOWS\System32\msvcp_win.dll
0x00007ffef9130000 - 0x00007ffef914e000 	c:\Users\Ngoc Mai\.vscode\extensions\redhat.java-1.36.0-win32-x64\jre\17.0.13-win32-x86_64\bin\VCRUNTIME140.dll
0x00007ffee43d0000 - 0x00007ffee4660000 	C:\WINDOWS\WinSxS\amd64_microsoft.windows.common-controls_6595b64144ccf1df_6.0.26100.2161_none_3e0cadb0e33078e1\COMCTL32.dll
0x00007fff0a930000 - 0x00007fff0a9d9000 	C:\WINDOWS\System32\msvcrt.dll
0x00007fff0a710000 - 0x00007fff0a73f000 	C:\WINDOWS\System32\IMM32.DLL
0x00007ffef9fc0000 - 0x00007ffef9fcc000 	c:\Users\Ngoc Mai\.vscode\extensions\redhat.java-1.36.0-win32-x64\jre\17.0.13-win32-x86_64\bin\vcruntime140_1.dll
0x00007ffef09e0000 - 0x00007ffef0a6d000 	c:\Users\Ngoc Mai\.vscode\extensions\redhat.java-1.36.0-win32-x64\jre\17.0.13-win32-x86_64\bin\msvcp140.dll
0x00007ffe60c20000 - 0x00007ffe6188b000 	c:\Users\Ngoc Mai\.vscode\extensions\redhat.java-1.36.0-win32-x64\jre\17.0.13-win32-x86_64\bin\server\jvm.dll
0x00007fff0b3e0000 - 0x00007fff0b494000 	C:\WINDOWS\System32\ADVAPI32.dll
0x00007fff0a750000 - 0x00007fff0a7f6000 	C:\WINDOWS\System32\sechost.dll
0x00007fff0b2c0000 - 0x00007fff0b3d6000 	C:\WINDOWS\System32\RPCRT4.dll
0x00007fff0c5c0000 - 0x00007fff0c634000 	C:\WINDOWS\System32\WS2_32.dll
0x00007fff08950000 - 0x00007fff0899e000 	C:\WINDOWS\SYSTEM32\POWRPROF.dll
0x00007fff070e0000 - 0x00007fff07116000 	C:\WINDOWS\SYSTEM32\WINMM.dll
0x00007ffef8ee0000 - 0x00007ffef8eeb000 	C:\WINDOWS\SYSTEM32\VERSION.dll
0x00007fff08930000 - 0x00007fff08944000 	C:\WINDOWS\SYSTEM32\UMPDC.dll
0x00007fff08bf0000 - 0x00007fff08c0a000 	C:\WINDOWS\SYSTEM32\kernel.appcore.dll
0x00007ffef3b60000 - 0x00007ffef3b6a000 	c:\Users\Ngoc Mai\.vscode\extensions\redhat.java-1.36.0-win32-x64\jre\17.0.13-win32-x86_64\bin\jimage.dll
0x00007fff07420000 - 0x00007fff07661000 	C:\WINDOWS\SYSTEM32\DBGHELP.DLL
0x00007fff0ba60000 - 0x00007fff0bddd000 	C:\WINDOWS\System32\combase.dll
0x00007fff0bde0000 - 0x00007fff0beb6000 	C:\WINDOWS\System32\OLEAUT32.dll
0x00007fff07080000 - 0x00007fff070b9000 	C:\WINDOWS\SYSTEM32\dbgcore.DLL
0x00007fff09c90000 - 0x00007fff09d29000 	C:\WINDOWS\System32\bcryptPrimitives.dll
0x00007ffef3af0000 - 0x00007ffef3afe000 	c:\Users\Ngoc Mai\.vscode\extensions\redhat.java-1.36.0-win32-x64\jre\17.0.13-win32-x86_64\bin\instrument.dll
0x00007ffef09b0000 - 0x00007ffef09d5000 	c:\Users\Ngoc Mai\.vscode\extensions\redhat.java-1.36.0-win32-x64\jre\17.0.13-win32-x86_64\bin\java.dll
0x00007ffef2960000 - 0x00007ffef2978000 	c:\Users\Ngoc Mai\.vscode\extensions\redhat.java-1.36.0-win32-x64\jre\17.0.13-win32-x86_64\bin\zip.dll
0x00007fff0a9e0000 - 0x00007fff0b0df000 	C:\WINDOWS\System32\SHELL32.dll
0x00007fff079c0000 - 0x00007fff081ed000 	C:\WINDOWS\SYSTEM32\windows.storage.dll
0x00007fff0b640000 - 0x00007fff0b713000 	C:\WINDOWS\System32\SHCORE.dll
0x00007fff0a800000 - 0x00007fff0a85d000 	C:\WINDOWS\System32\shlwapi.dll
0x00007fff09ba0000 - 0x00007fff09bce000 	C:\WINDOWS\SYSTEM32\profapi.dll
0x00007ffef0930000 - 0x00007ffef0949000 	C:\Users\Ngoc Mai\.vscode\extensions\redhat.java-1.36.0-win32-x64\jre\17.0.13-win32-x86_64\bin\net.dll
0x00007ffefc410000 - 0x00007ffefc536000 	C:\WINDOWS\SYSTEM32\WINHTTP.dll
0x00007fff090f0000 - 0x00007fff09158000 	C:\WINDOWS\system32\mswsock.dll
0x00007ffeef6f0000 - 0x00007ffeef706000 	C:\Users\Ngoc Mai\.vscode\extensions\redhat.java-1.36.0-win32-x64\jre\17.0.13-win32-x86_64\bin\nio.dll
0x00007ffef3450000 - 0x00007ffef3460000 	c:\Users\Ngoc Mai\.vscode\extensions\redhat.java-1.36.0-win32-x64\jre\17.0.13-win32-x86_64\bin\verify.dll
0x00007ffeec470000 - 0x00007ffeec4b5000 	C:\Users\Ngoc Mai\AppData\Roaming\Code\User\globalStorage\redhat.java\1.36.0\config_win\org.eclipse.equinox.launcher\org.eclipse.equinox.launcher.win32.win32.x86_64_1.2.1100.v20240722-2106\eclipse_11904.dll
0x00007fff0b7b0000 - 0x00007fff0b949000 	C:\WINDOWS\System32\ole32.dll
0x00007fff09390000 - 0x00007fff093ac000 	C:\WINDOWS\SYSTEM32\CRYPTSP.dll
0x00007fff08b50000 - 0x00007fff08b88000 	C:\WINDOWS\system32\rsaenh.dll
0x00007fff09190000 - 0x00007fff091bb000 	C:\WINDOWS\SYSTEM32\USERENV.dll
0x00007fff095d0000 - 0x00007fff095f6000 	C:\WINDOWS\SYSTEM32\bcrypt.dll
0x00007fff093b0000 - 0x00007fff093bc000 	C:\WINDOWS\SYSTEM32\CRYPTBASE.dll
0x00007fff08640000 - 0x00007fff08671000 	C:\WINDOWS\SYSTEM32\IPHLPAPI.DLL
0x00007fff0b4d0000 - 0x00007fff0b4da000 	C:\WINDOWS\System32\NSI.dll
0x00007ffefc660000 - 0x00007ffefc67e000 	C:\WINDOWS\SYSTEM32\dhcpcsvc6.DLL
0x00007ffefc3e0000 - 0x00007ffefc405000 	C:\WINDOWS\SYSTEM32\dhcpcsvc.DLL
0x00007fff08680000 - 0x00007fff087a5000 	C:\WINDOWS\SYSTEM32\DNSAPI.dll
0x00007ffeebe60000 - 0x00007ffeebea9000 	C:\Users\Ngoc Mai\AppData\Local\Temp\jna--1305853950\jna11398432244164950490.dll
0x00007fff0c850000 - 0x00007fff0c858000 	C:\WINDOWS\System32\PSAPI.DLL
0x00007fff08d10000 - 0x00007fff08d45000 	C:\WINDOWS\SYSTEM32\ntmarta.dll
0x00007ffefa170000 - 0x00007ffefa179000 	C:\Users\Ngoc Mai\.vscode\extensions\redhat.java-1.36.0-win32-x64\jre\17.0.13-win32-x86_64\bin\extnet.dll
0x00007fff008b0000 - 0x00007fff008be000 	C:\Users\Ngoc Mai\.vscode\extensions\redhat.java-1.36.0-win32-x64\jre\17.0.13-win32-x86_64\bin\sunmscapi.dll
0x00007fff0a3b0000 - 0x00007fff0a526000 	C:\WINDOWS\System32\CRYPT32.dll
0x00007fff09590000 - 0x00007fff095c0000 	C:\WINDOWS\SYSTEM32\ncrypt.dll
0x00007fff09540000 - 0x00007fff0957f000 	C:\WINDOWS\SYSTEM32\NTASN1.dll
0x00007ffefc160000 - 0x00007ffefc16b000 	C:\Windows\System32\rasadhlp.dll
0x00007ffefc350000 - 0x00007ffefc3d6000 	C:\WINDOWS\System32\fwpuclnt.dll

dbghelp: loaded successfully - version: 4.0.5 - missing functions: none
symbol engine: initialized successfully - sym options: 0x614 - pdb path: .;c:\Users\Ngoc Mai\.vscode\extensions\redhat.java-1.36.0-win32-x64\jre\17.0.13-win32-x86_64\bin;C:\WINDOWS\SYSTEM32;C:\WINDOWS\WinSxS\amd64_microsoft.windows.common-controls_6595b64144ccf1df_6.0.26100.2161_none_3e0cadb0e33078e1;c:\Users\Ngoc Mai\.vscode\extensions\redhat.java-1.36.0-win32-x64\jre\17.0.13-win32-x86_64\bin\server;C:\Users\Ngoc Mai\AppData\Roaming\Code\User\globalStorage\redhat.java\1.36.0\config_win\org.eclipse.equinox.launcher\org.eclipse.equinox.launcher.win32.win32.x86_64_1.2.1100.v20240722-2106;C:\Users\Ngoc Mai\AppData\Local\Temp\jna--1305853950

VM Arguments:
jvm_args: --add-modules=ALL-SYSTEM --add-opens=java.base/java.util=ALL-UNNAMED --add-opens=java.base/java.lang=ALL-UNNAMED --add-opens=java.base/sun.nio.fs=ALL-UNNAMED -Declipse.application=org.eclipse.jdt.ls.core.id1 -Dosgi.bundles.defaultStartLevel=4 -Declipse.product=org.eclipse.jdt.ls.core.product -Djava.import.generatesMetadataFilesAtProjectRoot=false -DDetectVMInstallationsJob.disabled=true -Dfile.encoding=utf8 -XX:+UseParallelGC -XX:GCTimeRatio=4 -XX:AdaptiveSizePolicyWeight=90 -Dsun.zip.disableMemoryMapping=true -Xmx1G -Xms100m -Xlog:disable -javaagent:c:\Users\Ngoc Mai\.vscode\extensions\redhat.java-1.36.0-win32-x64\lombok\lombok-1.18.35.jar -XX:+HeapDumpOnOutOfMemoryError -XX:HeapDumpPath=c:\Users\Ngoc Mai\AppData\Roaming\Code\User\workspaceStorage\635556922df90939e5452004da648406\redhat.java -Daether.dependencyCollector.impl=bf 
java_command: c:\Users\Ngoc Mai\.vscode\extensions\redhat.java-1.36.0-win32-x64\server\plugins\org.eclipse.equinox.launcher_1.6.900.v20240613-2009.jar -configuration c:\Users\Ngoc Mai\AppData\Roaming\Code\User\globalStorage\redhat.java\1.36.0\config_win -data c:\Users\Ngoc Mai\AppData\Roaming\Code\User\workspaceStorage\635556922df90939e5452004da648406\redhat.java\jdt_ws --pipe=\\.\pipe\lsp-aa48fdcdcc83d8b97c831b2126f84bd7-sock
java_class_path (initial): c:\Users\Ngoc Mai\.vscode\extensions\redhat.java-1.36.0-win32-x64\server\plugins\org.eclipse.equinox.launcher_1.6.900.v20240613-2009.jar
Launcher Type: SUN_STANDARD

[Global flags]
    uintx AdaptiveSizePolicyWeight                 = 90                                        {product} {command line}
     intx CICompilerCount                          = 4                                         {product} {ergonomic}
    uintx GCTimeRatio                              = 4                                         {product} {command line}
     bool HeapDumpOnOutOfMemoryError               = true                                   {manageable} {command line}
    ccstr HeapDumpPath                             = c:\Users\Ngoc Mai\AppData\Roaming\Code\User\workspaceStorage\635556922df90939e5452004da648406\redhat.java         {manageable} {command line}
   size_t InitialHeapSize                          = 104857600                                 {product} {command line}
   size_t MaxHeapSize                              = 1073741824                                {product} {command line}
   size_t MaxNewSize                               = 357564416                                 {product} {ergonomic}
   size_t MinHeapDeltaBytes                        = 524288                                    {product} {ergonomic}
   size_t MinHeapSize                              = 104857600                                 {product} {command line}
   size_t NewSize                                  = 34603008                                  {product} {ergonomic}
    uintx NonNMethodCodeHeapSize                   = 5839372                                {pd product} {ergonomic}
    uintx NonProfiledCodeHeapSize                  = 122909434                              {pd product} {ergonomic}
   size_t OldSize                                  = 70254592                                  {product} {ergonomic}
    uintx ProfiledCodeHeapSize                     = 122909434                              {pd product} {ergonomic}
    uintx ReservedCodeCacheSize                    = 251658240                              {pd product} {ergonomic}
     bool SegmentedCodeCache                       = true                                      {product} {ergonomic}
   size_t SoftMaxHeapSize                          = 1073741824                             {manageable} {ergonomic}
     bool UseCompressedClassPointers               = true                           {product lp64_product} {ergonomic}
     bool UseCompressedOops                        = true                           {product lp64_product} {ergonomic}
     bool UseLargePagesIndividualAllocation        = false                                  {pd product} {ergonomic}
     bool UseParallelGC                            = true                                      {product} {command line}

Logging:
Log output configuration:
 #0: stdout all=off uptime,level,tags
 #1: stderr all=off uptime,level,tags

Environment Variables:
PATH=D:\bin;C:\Program Files\Common Files\Oracle\Java\javapath;C:\Program Files (x86)\VMware\VMware Player\bin\;C:\Windows\system32;C:\Windows;C:\Windows\System32\Wbem;C:\Windows\System32\WindowsPowerShell\v1.0\;C:\Windows\System32\OpenSSH\;C:\Program Files\NVIDIA Corporation\NVIDIA NvDLISR;C:\Program Files\dotnet\;C:\WINDOWS\system32;C:\WINDOWS;C:\WINDOWS\System32\Wbem;C:\WINDOWS\System32\WindowsPowerShell\v1.0\;C:\WINDOWS\System32\OpenSSH\;C:\Program Files\Git\cmd;C:\MinGW\bin;E:\;C:\ProgramData\chocolatey\bin;C:\Program Files (x86)\Microsoft SQL Server\160\Tools\Binn\;C:\Program Files\Microsoft SQL Server\160\Tools\Binn\;C:\Program Files\Microsoft SQL Server\Client SDK\ODBC\170\Tools\Binn\;C:\Program Files\Microsoft SQL Server\160\DTS\Binn\;C:\Program Files (x86)\Microsoft SQL Server\160\DTS\Binn\;C:\Program Files\Docker\Docker\resources\bin;C:\Users\Ngoc Mai\AppData\Local\Programs\Python\Launcher\;C:\Users\Ngoc Mai\AppData\Local\Microsoft\WindowsApps;C:\Users\Ngoc Mai\AppData\Local\Programs\Microsoft VS Code\bin;C:\Program Files\Azure Data Studio\bin;C:\Users\Ngoc Mai\AppData\Roaming\npm;C:\Users\Ngoc Mai\AppData\Local\Microsoft\WinGet\Packages\Schniz.fnm_Microsoft.Winget.Source_8wekyb3d8bbwe;;C:\Program Files\JetBrains\PyCharm 2024.1.1\bin;;D:\PyCharm Community Edition 2024.1.4\bin;
USERNAME=Ngoc Mai
OS=Windows_NT
PROCESSOR_IDENTIFIER=Intel64 Family 6 Model 140 Stepping 1, GenuineIntel
TMP=C:\Users\NGOCMA~1\AppData\Local\Temp
TEMP=C:\Users\NGOCMA~1\AppData\Local\Temp



Periodic native trim disabled


---------------  S Y S T E M  ---------------

OS:
 Windows 11 , 64 bit Build 26100 (10.0.26100.2161)
OS uptime: 3 days 7:57 hours
Hyper-V role detected

CPU: total 8 (initial active 8) (4 cores per cpu, 2 threads per core) family 6 model 140 stepping 1 microcode 0xb8, cx8, cmov, fxsr, ht, mmx, 3dnowpref, sse, sse2, sse3, ssse3, sse4.1, sse4.2, popcnt, lzcnt, tsc, tscinvbit, avx, avx2, aes, erms, clmul, bmi1, bmi2, adx, avx512f, avx512dq, avx512cd, avx512bw, avx512vl, sha, fma, vzeroupper, avx512_vpopcntdq, avx512_vpclmulqdq, avx512_vaes, avx512_vnni, clflush, clflushopt, clwb, avx512_vbmi2, avx512_vbmi, hv
Processor Information for all 8 processors :
  Max Mhz: 2419, Current Mhz: 2419, Mhz Limit: 2419

Memory: 4k page, system-wide physical 7934M (504M free)
TotalPageFile size 25305M (AvailPageFile size 248M)
current process WorkingSet (physical memory assigned to process): 390M, peak: 423M
current process commit charge ("private bytes"): 464M, peak: 497M

vm_info: OpenJDK 64-Bit Server VM (17.0.13+11) for windows-amd64 JRE (17.0.13+11), built on Oct 16 2024 00:10:08 by "admin" with MS VC++ 17.7 (VS2022)

END.
